<?xml version="1.0" encoding="UTF-8"?>
<testng-results ignored="0" total="1" passed="1" failed="0" skipped="0">
  <reporter-output>
  </reporter-output>
  <suite started-at="2021-08-20T20:10:26 EDT" name="Default suite" finished-at="2021-08-20T20:10:40 EDT" duration-ms="13942">
    <groups>
    </groups>
    <test started-at="2021-08-20T20:10:26 EDT" name="Default test" finished-at="2021-08-20T20:10:40 EDT" duration-ms="13942">
      <class name="test.AddCustomerTest">
        <test-method signature="validUserShouldBeAbleToCreateCustomer()[pri:0, instance:test.AddCustomerTest@32f232a5]" started-at="2021-08-20T20:10:26 EDT" name="validUserShouldBeAbleToCreateCustomer" finished-at="2021-08-20T20:10:40 EDT" duration-ms="13906" status="PASS">
          <reporter-output>
          </reporter-output>
        </test-method> <!-- validUserShouldBeAbleToCreateCustomer -->
      </class> <!-- test.AddCustomerTest -->
    </test> <!-- Default test -->
  </suite> <!-- Default suite -->
</testng-results>
